/home/ecegrid/a/mg50/.synopsys_vss.setup
/home/ecegrid/a/mg50/.synopsys_vss.setup
/home/ecegrid/a/mg50/.synopsys_vss.setup
/home/ecegrid/a/mg50/.synopsys_vss.setup
/home/ecegrid/a/mg50/.synopsys_vss.setup
/home/ecegrid/a/mg50/.synopsys_vss.setup
/package/eda/synopsys/syn-K-2015.06-SP1/auxx/gui/dv/dv_setup.tcl
/package/eda/synopsys/syn-K-2015.06-SP1/auxx/gui/syn/snpsSynProcs.tcl
/package/eda/synopsys/syn-K-2015.06-SP1/auxx/tcllib/lib/tcl8.5/tm.tcl
/package/eda/synopsys/syn-K-2015.06-SP1/auxx/tcllib/lib/tcl8.5/package.tcl
/package/eda/synopsys/syn-K-2015.06-SP1/auxx/gui/syn/layout/pkgIndex.tcl
/package/eda/synopsys/syn-K-2015.06-SP1/auxx/gui/common/WindowFrameWork/pkgIndex.tcl
/package/eda/synopsys/syn-K-2015.06-SP1/auxx/gui/common/acg/pkgIndex.tcl
/package/eda/synopsys/syn-K-2015.06-SP1/auxx/gui/common/commandform/pkgIndex.tcl
/package/eda/synopsys/syn-K-2015.06-SP1/auxx/gui/common/dialogs/pkgIndex.tcl
/package/eda/synopsys/syn-K-2015.06-SP1/auxx/gui/common/docBrowser/pkgIndex.tcl
/package/eda/synopsys/syn-K-2015.06-SP1/auxx/gui/common/fanoutviewer/pkgIndex.tcl
/package/eda/synopsys/syn-K-2015.06-SP1/auxx/gui/common/hierarchy/pkgIndex.tcl
/package/eda/synopsys/syn-K-2015.06-SP1/auxx/gui/common/highlight/pkgIndex.tcl
/package/eda/synopsys/syn-K-2015.06-SP1/auxx/gui/common/histogram/pkgIndex.tcl
/package/eda/synopsys/syn-K-2015.06-SP1/auxx/gui/common/layout/pkgIndex.tcl
/package/eda/synopsys/syn-K-2015.06-SP1/auxx/gui/common/libviewer/pkgIndex.tcl
/package/eda/synopsys/syn-K-2015.06-SP1/auxx/gui/common/menus/pkgIndex.tcl
/package/eda/synopsys/syn-K-2015.06-SP1/auxx/gui/common/misc/pkgIndex.tcl
/package/eda/synopsys/syn-K-2015.06-SP1/auxx/gui/common/mrupalette/pkgIndex.tcl
/package/eda/synopsys/syn-K-2015.06-SP1/auxx/gui/common/opdlg/pkgIndex.tcl
/package/eda/synopsys/syn-K-2015.06-SP1/auxx/gui/common/palettegroup/pkgIndex.tcl
/package/eda/synopsys/syn-K-2015.06-SP1/auxx/gui/common/pathinspector/pkgIndex.tcl
/package/eda/synopsys/syn-K-2015.06-SP1/auxx/gui/common/profiler/pkgIndex.tcl
/package/eda/synopsys/syn-K-2015.06-SP1/auxx/gui/common/qtcl/pkgIndex.tcl
/package/eda/synopsys/syn-K-2015.06-SP1/auxx/gui/common/regressionToolkit/pkgIndex.tcl
/package/eda/synopsys/syn-K-2015.06-SP1/auxx/gui/common/schematic/pkgIndex.tcl
/package/eda/synopsys/syn-K-2015.06-SP1/auxx/gui/common/select/pkgIndex.tcl
/package/eda/synopsys/syn-K-2015.06-SP1/auxx/gui/common/setup/pkgIndex.tcl
/package/eda/synopsys/syn-K-2015.06-SP1/auxx/gui/common/strokes/pkgIndex.tcl
/package/eda/synopsys/syn-K-2015.06-SP1/auxx/gui/common/table/pkgIndex.tcl
/package/eda/synopsys/syn-K-2015.06-SP1/auxx/gui/common/tcl-dp/pkgIndex.tcl
/package/eda/synopsys/syn-K-2015.06-SP1/auxx/gui/common/tiledview/pkgIndex.tcl
/package/eda/synopsys/syn-K-2015.06-SP1/auxx/gui/common/timing/pkgIndex.tcl
/package/eda/synopsys/syn-K-2015.06-SP1/auxx/gui/common/tq/pkgIndex.tcl
/package/eda/synopsys/syn-K-2015.06-SP1/auxx/gui/common/view/pkgIndex.tcl
/package/eda/synopsys/syn-K-2015.06-SP1/auxx/gui/dv/pkgIndex.tcl
/package/eda/synopsys/syn-K-2015.06-SP1/auxx/tcllib/snps_tcl/snpsTclPro/pkgIndex.tcl
/package/eda/synopsys/syn-K-2015.06-SP1/auxx/tcllib/snps_tcl/snpsTest/pkgIndex.tcl
/package/eda/synopsys/syn-K-2015.06-SP1/auxx/tcllib/snps_tcl/snpsUtils/pkgIndex.tcl
/package/eda/synopsys/syn-K-2015.06-SP1/auxx/tcllib/snps_tcl/pkgIndex.tcl
/package/eda/synopsys/syn-K-2015.06-SP1/auxx/tcllib/lib/tcl8.5/dde/pkgIndex.tcl
/package/eda/synopsys/syn-K-2015.06-SP1/auxx/tcllib/lib/tcl8.5/http/pkgIndex.tcl
/package/eda/synopsys/syn-K-2015.06-SP1/auxx/tcllib/lib/tcl8.5/http1.0/pkgIndex.tcl
/package/eda/synopsys/syn-K-2015.06-SP1/auxx/tcllib/lib/tcl8.5/msgcat/pkgIndex.tcl
/package/eda/synopsys/syn-K-2015.06-SP1/auxx/tcllib/lib/tcl8.5/opt/pkgIndex.tcl
/package/eda/synopsys/syn-K-2015.06-SP1/auxx/tcllib/lib/tcl8.5/platform/pkgIndex.tcl
/package/eda/synopsys/syn-K-2015.06-SP1/auxx/tcllib/lib/tcl8.5/reg/pkgIndex.tcl
/package/eda/synopsys/syn-K-2015.06-SP1/auxx/tcllib/lib/tcl8.5/tcltest/pkgIndex.tcl
/package/eda/synopsys/syn-K-2015.06-SP1/auxx/gui/common/setup/snpsCommonSetup.tcl
/package/eda/synopsys/syn-K-2015.06-SP1/auxx/gui/common/setup/snpsCustomize.tcl
/package/eda/synopsys/syn-K-2015.06-SP1/auxx/gui/common/setup/snpsProcheck.tcl
/package/eda/synopsys/syn-K-2015.06-SP1/auxx/gui/common/qtcl/.synopsys_qtcl.tcl
/package/eda/synopsys/syn-K-2015.06-SP1/auxx/gui/common/highlight/highlight.tcl
/package/eda/synopsys/syn-K-2015.06-SP1/auxx/gui/common/misc/base.tcl
/package/eda/synopsys/syn-K-2015.06-SP1/auxx/gui/common/misc/timing.tcl
/package/eda/synopsys/syn-K-2015.06-SP1/auxx/gui/common/misc/setting.tcl
/package/eda/synopsys/syn-K-2015.06-SP1/auxx/gui/common/misc/preset.tcl
/package/eda/synopsys/syn-K-2015.06-SP1/auxx/gui/common/WindowFrameWork/windowFrameWork.tcl
/package/eda/synopsys/syn-K-2015.06-SP1/auxx/gui/common/WindowFrameWork/skipBusyCursorCmdList.tcl
/package/eda/synopsys/syn-K-2015.06-SP1/auxx/gui/common/docBrowser/docBrowser.tcl
/package/eda/synopsys/syn-K-2015.06-SP1/auxx/tcllib/snps_tcl/snpsUtils/snpsUtils.tcl
/package/eda/synopsys/syn-K-2015.06-SP1/auxx/gui/common/dialogs/ObjectChooser.tcl
/package/eda/synopsys/syn-K-2015.06-SP1/auxx/gui/common/misc/DialogObjectChooser.tcl
/package/eda/synopsys/syn-K-2015.06-SP1/auxx/gui/common/dialogs/HistBinInformation.tcl
/package/eda/synopsys/syn-K-2015.06-SP1/auxx/gui/common/dialogs/HistBin1Information.tcl
/package/eda/synopsys/syn-K-2015.06-SP1/auxx/gui/common/dialogs/BinsOnlyInformation.tcl
/package/eda/synopsys/syn-K-2015.06-SP1/auxx/gui/common/dialogs/FileChooser.tcl
/package/eda/synopsys/syn-K-2015.06-SP1/auxx/gui/common/dialogs/PathPinSimpleInfo.tcl
/package/eda/synopsys/syn-K-2015.06-SP1/auxx/gui/common/dialogs/PathsBasicInfo.tcl
/package/eda/synopsys/syn-K-2015.06-SP1/auxx/gui/common/dialogs/PathsBasicSimpleInfo.tcl
/package/eda/synopsys/syn-K-2015.06-SP1/auxx/gui/common/dialogs/SlctOperationInfo.tcl
/package/eda/synopsys/syn-K-2015.06-SP1/auxx/gui/common/dialogs/ObjectListInfo.tcl
/package/eda/synopsys/syn-K-2015.06-SP1/auxx/gui/common/dialogs/FanInOutInfo.tcl
/package/eda/synopsys/syn-K-2015.06-SP1/auxx/gui/common/dialogs/NumberOfLevelsChooser.tcl
/package/eda/synopsys/syn-K-2015.06-SP1/auxx/gui/common/dialogs/WindowReuseInfo.tcl
/package/eda/synopsys/syn-K-2015.06-SP1/auxx/gui/common/dialogs/ReportOutputOptionInfo.tcl
/package/eda/synopsys/syn-K-2015.06-SP1/auxx/gui/common/setup/snpsCollections.tcl
/package/eda/synopsys/syn-K-2015.06-SP1/auxx/gui/common/dialogs/CompileLinkDesign.tcl
/package/eda/synopsys/syn-K-2015.06-SP1/auxx/gui/common/histogram/DialogEndpointSlack.tcl
/package/eda/synopsys/syn-K-2015.06-SP1/auxx/gui/common/histogram/DialogPathsSlack.tcl
/package/eda/synopsys/syn-K-2015.06-SP1/auxx/gui/common/histogram/DialogNetCapacitance.tcl
/package/eda/synopsys/syn-K-2015.06-SP1/auxx/gui/common/schematic/DialogPathSchematicFanInOut.tcl
/package/eda/synopsys/syn-K-2015.06-SP1/auxx/gui/common/schematic/DialogPathSchematicAddPaths.tcl
/home/ecegrid/a/mg50/Documents/ece_337_project/do_mapping.tcl
/home/ecegrid/a/mg50/.synopsys_vss.setup
/home/ecegrid/a/mg50/Documents/ece_337_project/source/address_calc.sv
/home/ecegrid/a/mg50/Documents/ece_337_project/source/brightnessFilter.sv
/home/ecegrid/a/mg50/Documents/ece_337_project/source/controlUnit.sv
/home/ecegrid/a/mg50/Documents/ece_337_project/source/debayer.sv
/home/ecegrid/a/mg50/Documents/ece_337_project/source/delaySingleClock.sv
/home/ecegrid/a/mg50/Documents/ece_337_project/source/filterTopLevel.sv
/home/ecegrid/a/mg50/Documents/ece_337_project/source/flex_counter.sv
/home/ecegrid/a/mg50/Documents/ece_337_project/source/i_col_counter.sv
/home/ecegrid/a/mg50/Documents/ece_337_project/source/i_wr_counter.sv
/home/ecegrid/a/mg50/Documents/ece_337_project/source/j_row_counter.sv
/home/ecegrid/a/mg50/Documents/ece_337_project/source/rggb.sv
/home/ecegrid/a/mg50/Documents/ece_337_project/source/risingEdgeDetector.sv
/home/ecegrid/a/mg50/Documents/ece_337_project/source/sdram_address_calc.sv
/home/ecegrid/a/mg50/Documents/ece_337_project/source/sram_address_calc.sv
/home/ecegrid/a/mg50/Documents/ece_337_project/source/wbuffer.sv
/home/ecegrid/a/mg50/Documents/ece_337_project/source/horblur.sv
/home/ecegrid/a/mg50/Documents/ece_337_project/source/whiteBalance.sv
/home/ecegrid/a/mg50/Documents/ece_337_project/source/sram_simulation.sv
/package/eda/cells/OSU/v2.7/synopsys/lib/ami05/osu05_stdcells.db
/package/eda/synopsys/syn-K-2015.06-SP1/libraries/syn/dw_foundation.sldb
/package/eda/synopsys/syn-K-2015.06-SP1/libraries/syn/gtech.db
/package/eda/synopsys/syn-K-2015.06-SP1/libraries/syn/standard.sldb
/home/ecegrid/a/mg50/.synopsys_vss.setup
/home/ecegrid/a/mg50/synopsys_cache_K-2015.06-SP1/DW01/DW01_MUX/str/osu05_stdcells_3439_8167_5818/element.ddc
/home/ecegrid/a/mg50/synopsys_cache_K-2015.06-SP1/DW01/DW01_mmux/str/2/osu05_stdcells_3439_8167_5818/element.ddc
/home/ecegrid/a/mg50/synopsys_cache_K-2015.06-SP1/DW01/DW01_mmux/str/3/osu05_stdcells_3439_8167_5818/element.ddc
/home/ecegrid/a/mg50/synopsys_cache_K-2015.06-SP1/DW01/DW01_mmux/str/4/osu05_stdcells_3439_8167_5818/element.ddc
/home/ecegrid/a/mg50/synopsys_cache_K-2015.06-SP1/DW01/DW01_mmux/str/5/osu05_stdcells_3439_8167_5818/element.ddc
/home/ecegrid/a/mg50/synopsys_cache_K-2015.06-SP1/DW01/DW01_NOT/str/osu05_stdcells_3439_8167_5818/element.ddc
