Synthesizing design: sdram_address_calc.sv
dc_shell-t -x "source -echo do_mapping.tcl"
                                        
                           Design Compiler Graphical 
                                 DC Ultra (TM)
                                  DFTMAX (TM)
                              Power Compiler (TM)
                                 DesignWare (R)
                                 DC Expert (TM)
                               Design Vision (TM)
                               HDL Compiler (TM)
                               VHDL Compiler (TM)
                                  DFT Compiler
                               Design Compiler(R)
                                        
               Version K-2015.06-SP1 for linux64 - Jul 21, 2015 
                                        
                    Copyright (c) 1988 - 2015 Synopsys, Inc.
   This software and the associated documentation are proprietary to Synopsys,
 Inc. This software may only be used in accordance with the terms and conditions
 of a written license agreement with Synopsys, Inc. All other use, reproduction,
            or distribution of this software is strictly prohibited.
Initializing...
Initializing gui preferences from file  /home/ecegrid/a/mg50/.synopsys_dv_prefs.tcl
# Step 1:  Read in the source file
analyze -format sverilog -lib WORK { sdram_address_calc.sv}
Running PRESTO HDLC
Compiling source file ./source/sdram_address_calc.sv
Presto compilation completed successfully.
Loading db file '/package/eda/cells/OSU/v2.7/synopsys/lib/ami05/osu05_stdcells.db'
Loading db file '/package/eda/synopsys/syn-K-2015.06-SP1/libraries/syn/dw_foundation.sldb'
elaborate sdram_address_calc -lib WORK
Loading db file '/package/eda/synopsys/syn-K-2015.06-SP1/libraries/syn/gtech.db'
Loading db file '/package/eda/synopsys/syn-K-2015.06-SP1/libraries/syn/standard.sldb'
  Loading link library 'osu05_stdcells'
  Loading link library 'gtech'
Running PRESTO HDLC

Inferred memory devices in process
	in routine sdram_address_calc line 29 in file
		'./source/sdram_address_calc.sv'.
==================================================================================
|     Register Name      |   Type    | Width | Bus | MB | AR | AS | SR | SS | ST |
==================================================================================
| finish_address_reg_reg | Flip-flop |  26   |  Y  | N  | N  | N  | N  | N  | N  |
| start_address_reg_reg  | Flip-flop |  26   |  Y  | N  | N  | N  | N  | N  | N  |
==================================================================================
Presto compilation completed successfully.
Elaborated 1 design.
Current design is now 'sdram_address_calc'.
uniquify
# Step 2: Set design constraints
# Uncomment below to set timing, area, power, etc. constraints
# set_max_delay <delay> -from "<input>" -to "<output>"
# set_max_area <area>
# set_max_total_power <power> mW
# Step 3: Compile the design
compile -map_effort medium
Information: Checking out the license 'DesignWare'. (SEC-104)
Information: Evaluating DesignWare library utilization. (UISN-27)

============================================================================
| DesignWare Building Block Library  |         Version         | Available |
============================================================================
| Basic DW Building Blocks           | K-2015.06-DWBB_201506.1 |     *     |
| Licensed DW Building Blocks        | K-2015.06-DWBB_201506.1 |     *     |
============================================================================


Information: There are 2 potential problems in your design. Please run 'check_design' for more information. (LINT-99)



  Beginning Pass 1 Mapping
  ------------------------
  Processing 'sdram_address_calc'

  Updating timing information
Information: Updating design information... (UID-85)
Information: Design 'sdram_address_calc' has no optimization constraints set. (OPT-108)

  Beginning Implementation Selection
  ----------------------------------
  Processing 'sdram_address_calc_DW01_inc_0'

  Beginning Mapping Optimizations  (Medium effort)
  -------------------------------
  Structuring 'sdram_address_calc'
  Mapping 'sdram_address_calc'

                                  TOTAL                                      
   ELAPSED            WORST NEG   SETUP    DESIGN                            
    TIME      AREA      SLACK     COST    RULE COST         ENDPOINT         
  --------- --------- --------- --------- --------- -------------------------
    0:00:01  176148.0      0.00       0.0       5.1                          
    0:00:01  176148.0      0.00       0.0       5.1                          
    0:00:01  176148.0      0.00       0.0       5.1                          
    0:00:01  176148.0      0.00       0.0       5.1                          
    0:00:01  176148.0      0.00       0.0       5.1                          
    0:00:01  176148.0      0.00       0.0       5.1                          
    0:00:01  176148.0      0.00       0.0       5.1                          
    0:00:01  176148.0      0.00       0.0       5.1                          
    0:00:01  176148.0      0.00       0.0       5.1                          
    0:00:01  176580.0      0.00       0.0       4.0                          
    0:00:01  177012.0      0.00       0.0       3.1                          
    0:00:01  177012.0      0.00       0.0       3.1                          
    0:00:01  177012.0      0.00       0.0       3.1                          
    0:00:01  177012.0      0.00       0.0       3.1                          



  Beginning Delay Optimization Phase
  ----------------------------------

                                  TOTAL                                      
   ELAPSED            WORST NEG   SETUP    DESIGN                            
    TIME      AREA      SLACK     COST    RULE COST         ENDPOINT         
  --------- --------- --------- --------- --------- -------------------------
    0:00:01  177012.0      0.00       0.0       3.1                          
    0:00:01  177012.0      0.00       0.0       3.1                          
    0:00:01  177012.0      0.00       0.0       3.1                          


  Beginning Design Rule Fixing  (max_capacitance)
  ----------------------------

                                  TOTAL                                      
   ELAPSED            WORST NEG   SETUP    DESIGN                            
    TIME      AREA      SLACK     COST    RULE COST         ENDPOINT         
  --------- --------- --------- --------- --------- -------------------------
    0:00:01  177012.0      0.00       0.0       3.1                          
    0:00:01  177300.0      0.00       0.0       0.0                          


  Beginning Area-Recovery Phase  (cleanup)
  -----------------------------

                                  TOTAL                                      
   ELAPSED            WORST NEG   SETUP    DESIGN                            
    TIME      AREA      SLACK     COST    RULE COST         ENDPOINT         
  --------- --------- --------- --------- --------- -------------------------
    0:00:01  177300.0      0.00       0.0       0.0                          
    0:00:01  177300.0      0.00       0.0       0.0                          
    0:00:01  177300.0      0.00       0.0       0.0                          
    0:00:01  177300.0      0.00       0.0       0.0                          
    0:00:01  177300.0      0.00       0.0       0.0                          
    0:00:01  177300.0      0.00       0.0       0.0                          
    0:00:01  177300.0      0.00       0.0       0.0                          
    0:00:01  177300.0      0.00       0.0       0.0                          
    0:00:01  177300.0      0.00       0.0       0.0                          
    0:00:01  177300.0      0.00       0.0       0.0                          
    0:00:01  177300.0      0.00       0.0       0.0                          
Loading db file '/package/eda/cells/OSU/v2.7/synopsys/lib/ami05/osu05_stdcells.db'


Note: Symbol # after min delay cost means estimated hold TNS across all active scenarios 


  Optimization Complete
  ---------------------
# Step 4: Output reports
report_timing -path full -delay max -max_paths 1 -nworst 1 > reports/sdram_address_calc.rep
report_area >> reports/sdram_address_calc.rep
report_power -hier >> reports/sdram_address_calc.rep
# Step 5: Output final VHDL and Verilog files
write_file -format verilog -hierarchy -output "mapped/sdram_address_calc.v"
Writing verilog file '/home/ecegrid/a/mg50/Documents/ece_337_project/mapped/sdram_address_calc.v'.
echo "\nScript Done\n"

Script Done

echo "\nChecking Design\n"

Checking Design

check_design
quit

Thank you...
Done


